[ pid=4788 thr=3070651248 file=ext/nginx/HelperAgent.cpp:568 time=2010-11-18 11:55:16.80 ]: Couldn't forward the HTTP response back to the HTTP client: It seems the user clicked on the 'Stop' button in his browser.
[ pid=4835 thr=72378520 file=utils.rb:176 time=2010-11-18 12:17:13.603 ]: *** Exception SignalException in PhusionPassenger::ClassicRails::ApplicationSpawner (SIGTERM) (process 4835, thread #<Thread:0x8a0d130>):
	from /home/juanca/.passenger/standalone/3.0.0-i686-ruby1.8.7-linux-gcc4.4.3-1002/support/lib/phusion_passenger/abstract_server.rb:343:in `select'
	from /home/juanca/.passenger/standalone/3.0.0-i686-ruby1.8.7-linux-gcc4.4.3-1002/support/lib/phusion_passenger/abstract_server.rb:343:in `server_main_loop'
	from /home/juanca/.passenger/standalone/3.0.0-i686-ruby1.8.7-linux-gcc4.4.3-1002/support/lib/phusion_passenger/abstract_server.rb:206:in `start_synchronously'
	from /home/juanca/.passenger/standalone/3.0.0-i686-ruby1.8.7-linux-gcc4.4.3-1002/support/lib/phusion_passenger/abstract_server.rb:180:in `start'
	from /home/juanca/.passenger/standalone/3.0.0-i686-ruby1.8.7-linux-gcc4.4.3-1002/support/lib/phusion_passenger/classic_rails/application_spawner.rb:149:in `start'
	from /home/juanca/.passenger/standalone/3.0.0-i686-ruby1.8.7-linux-gcc4.4.3-1002/support/lib/phusion_passenger/spawn_manager.rb:219:in `spawn_rails_application'
	from /home/juanca/.passenger/standalone/3.0.0-i686-ruby1.8.7-linux-gcc4.4.3-1002/support/lib/phusion_passenger/abstract_server_collection.rb:132:in `lookup_or_add'
	from /home/juanca/.passenger/standalone/3.0.0-i686-ruby1.8.7-linux-gcc4.4.3-1002/support/lib/phusion_passenger/spawn_manager.rb:214:in `spawn_rails_application'
	from /home/juanca/.passenger/standalone/3.0.0-i686-ruby1.8.7-linux-gcc4.4.3-1002/support/lib/phusion_passenger/abstract_server_collection.rb:82:in `synchronize'
	from /home/juanca/.passenger/standalone/3.0.0-i686-ruby1.8.7-linux-gcc4.4.3-1002/support/lib/phusion_passenger/abstract_server_collection.rb:79:in `synchronize'
	from /home/juanca/.passenger/standalone/3.0.0-i686-ruby1.8.7-linux-gcc4.4.3-1002/support/lib/phusion_passenger/spawn_manager.rb:213:in `spawn_rails_application'
	from /home/juanca/.passenger/standalone/3.0.0-i686-ruby1.8.7-linux-gcc4.4.3-1002/support/lib/phusion_passenger/spawn_manager.rb:132:in `spawn_application'
	from /home/juanca/.passenger/standalone/3.0.0-i686-ruby1.8.7-linux-gcc4.4.3-1002/support/lib/phusion_passenger/spawn_manager.rb:275:in `handle_spawn_application'
	from /home/juanca/.passenger/standalone/3.0.0-i686-ruby1.8.7-linux-gcc4.4.3-1002/support/lib/phusion_passenger/abstract_server.rb:357:in `__send__'
	from /home/juanca/.passenger/standalone/3.0.0-i686-ruby1.8.7-linux-gcc4.4.3-1002/support/lib/phusion_passenger/abstract_server.rb:357:in `server_main_loop'
	from /home/juanca/.passenger/standalone/3.0.0-i686-ruby1.8.7-linux-gcc4.4.3-1002/support/lib/phusion_passenger/abstract_server.rb:206:in `start_synchronously'
	from /home/juanca/.passenger/standalone/3.0.0-i686-ruby1.8.7-linux-gcc4.4.3-1002/support/helper-scripts/passenger-spawn-server:99
The {{key}} interpolation syntax in I18n messages is deprecated. Please use %{key} instead.
en - {{count}} errors prohibited this {{model}} from being saved

[ pid=1891 thr=3068959600 file=ext/nginx/HelperAgent.cpp:568 time=2010-11-20 21:09:37.548 ]: Couldn't forward the HTTP response back to the HTTP client: It seems the user clicked on the 'Stop' button in his browser.
[ pid=5410 thr=3070602096 file=ext/nginx/HelperAgent.cpp:568 time=2010-11-21 09:45:20.779 ]: Couldn't forward the HTTP response back to the HTTP client: It seems the user clicked on the 'Stop' button in his browser.
[ pid=7648 thr=78723230 file=utils.rb:176 time=2010-11-21 11:58:04.805 ]: *** Exception SignalException in PhusionPassenger::ClassicRails::ApplicationSpawner (SIGTERM) (process 7648, thread #<Thread:0x962713c>):
	from /home/juanca/.passenger/standalone/3.0.0-i686-ruby1.8.7-linux-gcc4.4.3-1002/support/lib/phusion_passenger/abstract_server.rb:343:in `select'
	from /home/juanca/.passenger/standalone/3.0.0-i686-ruby1.8.7-linux-gcc4.4.3-1002/support/lib/phusion_passenger/abstract_server.rb:343:in `server_main_loop'
	from /home/juanca/.passenger/standalone/3.0.0-i686-ruby1.8.7-linux-gcc4.4.3-1002/support/lib/phusion_passenger/abstract_server.rb:206:in `start_synchronously'
	from /home/juanca/.passenger/standalone/3.0.0-i686-ruby1.8.7-linux-gcc4.4.3-1002/support/lib/phusion_passenger/abstract_server.rb:180:in `start'
	from /home/juanca/.passenger/standalone/3.0.0-i686-ruby1.8.7-linux-gcc4.4.3-1002/support/lib/phusion_passenger/classic_rails/application_spawner.rb:149:in `start'
	from /home/juanca/.passenger/standalone/3.0.0-i686-ruby1.8.7-linux-gcc4.4.3-1002/support/lib/phusion_passenger/spawn_manager.rb:219:in `spawn_rails_application'
	from /home/juanca/.passenger/standalone/3.0.0-i686-ruby1.8.7-linux-gcc4.4.3-1002/support/lib/phusion_passenger/abstract_server_collection.rb:132:in `lookup_or_add'
	from /home/juanca/.passenger/standalone/3.0.0-i686-ruby1.8.7-linux-gcc4.4.3-1002/support/lib/phusion_passenger/spawn_manager.rb:214:in `spawn_rails_application'
	from /home/juanca/.passenger/standalone/3.0.0-i686-ruby1.8.7-linux-gcc4.4.3-1002/support/lib/phusion_passenger/abstract_server_collection.rb:82:in `synchronize'
	from /home/juanca/.passenger/standalone/3.0.0-i686-ruby1.8.7-linux-gcc4.4.3-1002/support/lib/phusion_passenger/abstract_server_collection.rb:79:in `synchronize'
	from /home/juanca/.passenger/standalone/3.0.0-i686-ruby1.8.7-linux-gcc4.4.3-1002/support/lib/phusion_passenger/spawn_manager.rb:213:in `spawn_rails_application'
	from /home/juanca/.passenger/standalone/3.0.0-i686-ruby1.8.7-linux-gcc4.4.3-1002/support/lib/phusion_passenger/spawn_manager.rb:132:in `spawn_application'
	from /home/juanca/.passenger/standalone/3.0.0-i686-ruby1.8.7-linux-gcc4.4.3-1002/support/lib/phusion_passenger/spawn_manager.rb:275:in `handle_spawn_application'
	from /home/juanca/.passenger/standalone/3.0.0-i686-ruby1.8.7-linux-gcc4.4.3-1002/support/lib/phusion_passenger/abstract_server.rb:357:in `__send__'
	from /home/juanca/.passenger/standalone/3.0.0-i686-ruby1.8.7-linux-gcc4.4.3-1002/support/lib/phusion_passenger/abstract_server.rb:357:in `server_main_loop'
	from /home/juanca/.passenger/standalone/3.0.0-i686-ruby1.8.7-linux-gcc4.4.3-1002/support/lib/phusion_passenger/abstract_server.rb:206:in `start_synchronously'
	from /home/juanca/.passenger/standalone/3.0.0-i686-ruby1.8.7-linux-gcc4.4.3-1002/support/helper-scripts/passenger-spawn-server:99
The {{key}} interpolation syntax in I18n messages is deprecated. Please use %{key} instead.
en - {{count}} errors prohibited this {{model}} from being saved

The {{key}} interpolation syntax in I18n messages is deprecated. Please use %{key} instead.
en - 1 error prohibited this {{model}} from being saved

